[33mwarn[39m:    --minUptime not set. Defaulting to: 1000ms
[33mwarn[39m:    --spinSleepTime not set. Your script will exit if it does not stay up for at least 1000ms
[32minfo[39m:    Forever processing file: [90mapp.js[39m
(node:54862) Warning: Accessing non-existent property 'padLevels' of module exports inside circular dependency
(Use `node --trace-warnings ...` to show where the warning was created)
(node:54862) Warning: Accessing non-existent property 'padLevels' of module exports inside circular dependency
[31merror[39m:   Cannot start forever
[31merror[39m:   script /Users/carlossodre/Documents/GitHub/apollo-academy-server/app.js does not exist.
[33mwarn[39m:    --minUptime not set. Defaulting to: 1000ms
[33mwarn[39m:    --spinSleepTime not set. Your script will exit if it does not stay up for at least 1000ms
[32minfo[39m:    Forever processing file: [90m./src/index.ts[39m
(node:7647) Warning: Accessing non-existent property 'padLevels' of module exports inside circular dependency
(Use `node --trace-warnings ...` to show where the warning was created)
(node:7647) Warning: Accessing non-existent property 'padLevels' of module exports inside circular dependency
[33mwarn[39m:    --minUptime not set. Defaulting to: 1000ms
[33mwarn[39m:    --spinSleepTime not set. Your script will exit if it does not stay up for at least 1000ms
[32minfo[39m:    Forever processing file: [90msrc/index.ts[39m
(node:8838) Warning: Accessing non-existent property 'padLevels' of module exports inside circular dependency
(Use `node --trace-warnings ...` to show where the warning was created)
(node:8838) Warning: Accessing non-existent property 'padLevels' of module exports inside circular dependency
